[2026-06-08 00:35:00.952] [warning] Couldn't find file 'treadmill.vtp'.
[2026-06-08 00:35:00.952] [warning] Couldn't find file 'sacrum.vtp'.
[2026-06-08 00:35:00.952] [warning] Couldn't find file 'pelvis.vtp'.
[2026-06-08 00:35:00.952] [warning] Couldn't find file 'l_pelvis.vtp'.
[2026-06-08 00:35:00.952] [warning] Couldn't find file 'femur_r.vtp'.
[2026-06-08 00:35:00.952] [warning] Couldn't find file 'tibia_r.vtp'.
[2026-06-08 00:35:00.952] [warning] Couldn't find file 'fibula.vtp'.
[2026-06-08 00:35:00.952] [warning] Couldn't find file 'talus.vtp'.
[2026-06-08 00:35:00.952] [warning] Couldn't find file 'foot.vtp'.
[2026-06-08 00:35:00.952] [warning] Couldn't find file 'bofoot.vtp'.
[2026-06-08 00:35:00.952] [warning] Couldn't find file 'femur_l.vtp'.
[2026-06-08 00:35:00.952] [warning] Couldn't find file 'tibia_l.vtp'.
[2026-06-08 00:35:00.952] [warning] Couldn't find file 'l_fibula.vtp'.
[2026-06-08 00:35:00.952] [warning] Couldn't find file 'l_talus.vtp'.
[2026-06-08 00:35:00.952] [warning] Couldn't find file 'l_foot.vtp'.
[2026-06-08 00:35:00.952] [warning] Couldn't find file 'l_bofoot.vtp'.
[2026-06-08 00:35:00.952] [warning] Couldn't find file 'hat_spine.vtp'.
[2026-06-08 00:35:00.952] [warning] Couldn't find file 'hat_jaw.vtp'.
[2026-06-08 00:35:00.952] [warning] Couldn't find file 'hat_skull.vtp'.
[2026-06-08 00:35:00.952] [warning] Couldn't find file 'hat_ribs.vtp'.
